[2025-11-04 18:47:56.341] [ORIGO] [info] Core logger initialized
[2025-11-04 18:47:56.342] [APP] [info] Client logger initialized
[2025-11-04 18:47:56.349] [APP] [info] Camara position: 0, 0, 0
[2025-11-04 18:47:56.351] [APP] [info] Camara position: 0, 0, 0
[2025-11-04 18:47:56.357] [APP] [info] Camara position: 0, 0, 0
[2025-11-04 18:47:56.375] [APP] [info] Camara position: 0, 0, 0
[2025-11-04 18:47:56.391] [APP] [info] Camara position: 0, 0, 0
[2025-11-04 18:47:56.407] [APP] [info] Camara position: 0, 0, 0
[2025-11-04 18:47:56.424] [APP] [info] Camara position: 0, 0, 0
[2025-11-04 18:47:56.441] [APP] [info] Camara position: 0, 0, 0
[2025-11-04 18:47:56.457] [APP] [info] Camara position: 0, 0, 0
[2025-11-04 18:47:56.474] [APP] [info] Camara position: 0, 0, 0
[2025-11-04 18:47:56.491] [APP] [info] Camara position: 0, 0, 0
[2025-11-04 18:47:56.507] [APP] [info] Camara position: 0, 0, 0
[2025-11-04 18:47:56.524] [APP] [info] Camara position: 0, 0, 0
[2025-11-04 18:47:56.541] [APP] [info] Camara position: 0, 0, 0
[2025-11-04 18:47:56.557] [APP] [info] Camara position: 0, 0, 0
[2025-11-04 18:47:56.574] [APP] [info] Camara position: 0, 0, 0
[2025-11-04 18:47:56.591] [APP] [info] Camara position: 0, 0, 0
[2025-11-04 18:47:56.607] [APP] [info] Camara position: 0, 0, 0
[2025-11-04 18:47:56.624] [APP] [info] Camara position: 0, 0, 0
[2025-11-04 18:47:56.641] [APP] [info] Camara position: 0, 0, 0
[2025-11-04 18:47:56.657] [APP] [info] Camara position: 0, 0, 0
[2025-11-04 18:47:56.674] [APP] [info] Camara position: 0, 0, 0
[2025-11-04 18:47:56.691] [APP] [info] Camara position: 0, 0, 0
[2025-11-04 18:47:56.707] [APP] [info] Camara position: 0, 0, 0
[2025-11-04 18:47:56.724] [APP] [info] Camara position: 0, 0, 0
[2025-11-04 18:47:56.741] [APP] [info] Camara position: 0, 0, 0
[2025-11-04 18:47:56.757] [APP] [info] Camara position: 0, 0, 0
[2025-11-04 18:47:56.774] [APP] [info] Camara position: 0, 0, 0
[2025-11-04 18:47:56.791] [APP] [info] Camara position: 0, 0, 0
[2025-11-04 18:47:56.807] [APP] [info] Camara position: 0, 0, 0
[2025-11-04 18:47:56.824] [APP] [info] Camara position: 0, 0, 0
[2025-11-04 18:47:56.841] [APP] [info] Camara position: 0, 0, 0
[2025-11-04 18:47:56.857] [APP] [info] Camara position: 0, 0, 0
[2025-11-04 18:47:56.874] [APP] [info] Camara position: 0, 0, 0
[2025-11-04 18:47:56.891] [APP] [info] Camara position: 0, 0, 0
[2025-11-04 18:47:56.907] [APP] [info] Camara position: 0, 0, 0
[2025-11-04 18:47:56.924] [APP] [info] Camara position: 0, 0, 0
[2025-11-04 18:47:56.941] [APP] [info] Camara position: 0, 0, 0
[2025-11-04 18:47:56.957] [APP] [info] Camara position: 0, 0, 0
[2025-11-04 18:47:56.974] [APP] [info] Camara position: 0, 0, 0
[2025-11-04 18:47:56.991] [APP] [info] Camara position: 0, 0, 0
[2025-11-04 18:47:57.007] [APP] [info] Camara position: 0, 0, 0
[2025-11-04 18:47:57.024] [APP] [info] Camara position: 0, 0, 0
[2025-11-04 18:47:57.041] [APP] [info] Camara position: 0, 0, 0
[2025-11-04 18:47:57.057] [APP] [info] Camara position: 0, 0, 0
[2025-11-04 18:47:57.074] [APP] [info] Camara position: 0, 0, 0
[2025-11-04 18:47:57.091] [APP] [info] Camara position: 0, 0, 0
[2025-11-04 18:47:57.107] [APP] [info] Camara position: 0, 0, 0
[2025-11-04 18:47:57.124] [APP] [info] Camara position: 0, 0, 0
[2025-11-04 18:47:57.141] [APP] [info] Camara position: 0, 0, 0
[2025-11-04 18:47:57.157] [APP] [info] Camara position: 0, 0, 0
[2025-11-04 18:47:57.174] [APP] [info] Camara position: 0, 0, 0
[2025-11-04 18:47:57.191] [APP] [info] Camara position: 0, 0, 0
[2025-11-04 18:47:57.207] [APP] [info] Camara position: 0, 0, 0
[2025-11-04 18:47:57.224] [APP] [info] Camara position: 0, 0, 0
[2025-11-04 18:47:57.241] [APP] [info] Camara position: 0, 0, 0
[2025-11-04 18:47:57.257] [APP] [info] Camara position: 0, 0, 0
[2025-11-04 18:47:57.274] [APP] [info] Camara position: 0, 0, 0
[2025-11-04 18:47:57.291] [APP] [info] Camara position: 0, 0, 0
[2025-11-04 18:47:57.307] [APP] [info] Camara position: 0, 0, 0
[2025-11-04 18:47:57.324] [APP] [info] Camara position: 0, 0, 0
[2025-11-04 18:47:57.341] [APP] [info] Camara position: 0, 0, 0
[2025-11-04 18:47:57.357] [APP] [info] Camara position: 0, 0, 0
[2025-11-04 18:47:57.374] [APP] [info] Camara position: 0, 0, 0
[2025-11-04 18:47:57.391] [APP] [info] Camara position: 0, 0, 0
[2025-11-04 18:47:57.407] [APP] [info] Camara position: 0, 0, 0
[2025-11-04 18:47:57.424] [APP] [info] Camara position: 0, 0, 0
[2025-11-04 18:47:57.441] [APP] [info] Camara position: 0, 0, 0
[2025-11-04 18:47:57.457] [APP] [info] Camara position: 0, 0, 0
[2025-11-04 18:47:57.474] [APP] [info] Camara position: 0, 0, 0
[2025-11-04 18:47:57.491] [APP] [info] Camara position: 0, 0, 0
[2025-11-04 18:47:57.507] [APP] [info] Camara position: 0, 0, 0
[2025-11-04 18:47:57.524] [APP] [info] Camara position: 0, 0, 0
[2025-11-04 18:47:57.541] [APP] [info] Camara position: 0, 0, 0
[2025-11-04 18:47:57.557] [APP] [info] Camara position: 0, 0, 0
[2025-11-04 18:47:57.574] [APP] [info] Camara position: 0, 0, 0
[2025-11-04 18:47:57.591] [APP] [info] Camara position: 0, 0, 0
[2025-11-04 18:47:57.607] [APP] [info] Camara position: 0, 0, 0
[2025-11-04 18:47:57.624] [APP] [info] Camara position: 0, 0, 0
[2025-11-04 18:47:57.641] [APP] [info] Camara position: 0, 0, 0
[2025-11-04 18:47:57.657] [APP] [info] Camara position: 0, 0, 0
[2025-11-04 18:47:57.674] [APP] [info] Camara position: 0, 0, 0
[2025-11-04 18:47:57.691] [APP] [info] Camara position: 0, 0, 0
[2025-11-04 18:47:57.707] [APP] [info] Camara position: 0, 0, 0
[2025-11-04 18:47:57.724] [APP] [info] Camara position: 0, 0, 0
[2025-11-04 18:47:57.741] [APP] [info] Camara position: 0, 0, 0
[2025-11-04 18:47:57.758] [APP] [info] Camara position: 0, 0, 0
[2025-11-04 18:47:57.774] [APP] [info] Camara position: 0, 0, 0
[2025-11-04 18:47:57.791] [APP] [info] Camara position: 0, 0, 0
[2025-11-04 18:47:57.807] [APP] [info] Camara position: 0, 0, 0
[2025-11-04 18:47:57.824] [APP] [info] Camara position: 0, 0, 0
[2025-11-04 18:47:57.841] [APP] [info] Camara position: 0, 0, 0
[2025-11-04 18:47:57.858] [APP] [info] Camara position: 0, 0, 0
[2025-11-04 18:47:57.874] [APP] [info] Camara position: 0, 0, 0
[2025-11-04 18:47:57.891] [APP] [info] Camara position: 0, 0, 0
[2025-11-04 18:47:57.907] [APP] [info] Camara position: 0, 0, 0
[2025-11-04 18:47:57.924] [APP] [info] Camara position: 0, 0, 0
[2025-11-04 18:47:57.941] [APP] [info] Camara position: 0, 0, 0
[2025-11-04 18:47:57.957] [APP] [info] Camara position: 0, 0, 0
[2025-11-04 18:47:57.974] [APP] [info] Camara position: 0, 0, 0
[2025-11-04 18:47:57.991] [APP] [info] Camara position: 0, 0, 0
[2025-11-04 18:47:58.008] [APP] [info] Camara position: 0, 0, 0
[2025-11-04 18:47:58.025] [APP] [info] Camara position: 0, 0, 0
[2025-11-04 18:47:58.041] [APP] [info] Camara position: 0, 0, 0
[2025-11-04 18:47:58.057] [APP] [info] Camara position: 0, 0, 0
[2025-11-04 18:47:58.074] [APP] [info] Camara position: 0, 0, 0
[2025-11-04 18:47:58.091] [APP] [info] Camara position: 0, 0, 0
[2025-11-04 18:47:58.108] [APP] [info] Camara position: 0, 0, 0
[2025-11-04 18:47:58.124] [APP] [info] Camara position: 0, 0, 0
[2025-11-04 18:47:58.141] [APP] [info] Camara position: 0, 0, 0
[2025-11-04 18:47:58.157] [APP] [info] Camara position: 0, 0, 0
[2025-11-04 18:47:58.175] [APP] [info] Camara position: 0, 0, 0
[2025-11-04 18:47:58.191] [APP] [info] Camara position: 0, 0, 0
[2025-11-04 18:47:58.207] [APP] [info] Camara position: 0, 0, 0
[2025-11-04 18:47:58.224] [APP] [info] Camara position: 0, 0, 0
[2025-11-04 18:47:58.241] [APP] [info] Camara position: 0, 0, 0
[2025-11-04 18:47:58.257] [APP] [info] Camara position: 0, 0, 0
[2025-11-04 18:47:58.274] [APP] [info] Camara position: 0, 0, 0
[2025-11-04 18:47:58.291] [APP] [info] Camara position: 0, 0, 0
[2025-11-04 18:47:58.307] [APP] [info] Camara position: 0, 0, 0
[2025-11-04 18:47:58.324] [APP] [info] Camara position: 0, 0, 0
[2025-11-04 18:47:58.341] [APP] [info] Camara position: 0, 0, 0
[2025-11-04 18:47:58.357] [APP] [info] Camara position: 0, 0, 0
[2025-11-04 18:47:58.374] [APP] [info] Camara position: 0, 0, 0
[2025-11-04 18:47:58.391] [APP] [info] Camara position: 0, 0, 0
[2025-11-04 18:47:58.408] [APP] [info] Camara position: -0.07370475, 0.12078445, -0.072177045
[2025-11-04 18:47:58.424] [APP] [info] Camara position: -0.14659464, 0.24023354, -0.14355612
[2025-11-04 18:47:58.441] [APP] [info] Camara position: -0.2195227, 0.35974517, -0.21497257
[2025-11-04 18:47:58.457] [APP] [info] Camara position: -0.29242104, 0.47920814, -0.28635994
[2025-11-04 18:47:58.474] [APP] [info] Camara position: -0.36532518, 0.59868056, -0.35775295
[2025-11-04 18:47:58.491] [APP] [info] Camara position: -0.43770903, 0.71730036, -0.42863646
[2025-11-04 18:47:58.507] [APP] [info] Camara position: -0.5106351, 0.8368087, -0.50005096
[2025-11-04 18:47:58.525] [APP] [info] Camara position: -0.5108612, 0.8371793, -0.50027245
[2025-11-04 18:47:58.541] [APP] [info] Camara position: -0.58089805, 0.95195293, -0.5688576
[2025-11-04 18:47:58.558] [APP] [info] Camara position: -0.6454583, 1.0577517, -0.63207966
[2025-11-04 18:47:58.574] [APP] [info] Camara position: -0.7066998, 1.1581118, -0.69205177
[2025-11-04 18:47:58.591] [APP] [info] Camara position: -0.7066998, 1.1581118, -0.69205177
[2025-11-04 18:47:58.608] [APP] [info] Camara position: -0.7066998, 1.1581118, -0.69205177
[2025-11-04 18:47:58.624] [APP] [info] Camara position: -0.7066998, 1.1581118, -0.69205177
[2025-11-04 18:47:58.641] [APP] [info] Camara position: -0.7066998, 1.1581118, -0.69205177
[2025-11-04 18:47:58.658] [APP] [info] Camara position: -0.7066998, 1.1581118, -0.69205177
[2025-11-04 18:47:58.674] [APP] [info] Camara position: -0.7066998, 1.1581118, -0.69205177
[2025-11-04 18:47:58.691] [APP] [info] Camara position: -0.7399205, 1.2125525, -0.72458386
[2025-11-04 18:47:58.708] [APP] [info] Camara position: -0.7992778, 1.309825, -0.78271085
[2025-11-04 18:47:58.724] [APP] [info] Camara position: -0.86012006, 1.4095309, -0.8422921
[2025-11-04 18:47:58.741] [APP] [info] Camara position: -0.92121184, 1.5096457, -0.9021176
[2025-11-04 18:47:58.758] [APP] [info] Camara position: -0.9823545, 1.6098439, -0.9619929
[2025-11-04 18:47:58.774] [APP] [info] Camara position: -1.04354, 1.7101122, -1.0219102
[2025-11-04 18:47:58.791] [APP] [info] Camara position: -1.1053817, 1.811456, -1.08247
[2025-11-04 18:47:58.808] [APP] [info] Camara position: -1.1644406, 1.9087396, -1.1409137
[2025-11-04 18:47:58.824] [APP] [info] Camara position: -1.2257891, 2.0097945, -1.2016231
[2025-11-04 18:47:58.841] [APP] [info] Camara position: -1.2840147, 2.1051903, -1.2598487
[2025-11-04 18:47:58.858] [APP] [info] Camara position: -1.3445144, 2.2043118, -1.3203484
[2025-11-04 18:47:58.875] [APP] [info] Camara position: -1.4050624, 2.3019502, -1.3815339
[2025-11-04 18:47:58.891] [APP] [info] Camara position: -1.4657806, 2.398851, -1.4441901
[2025-11-04 18:47:58.908] [APP] [info] Camara position: -1.5266986, 2.494086, -1.5083842
[2025-11-04 18:47:58.924] [APP] [info] Camara position: -1.586949, 2.585421, -1.5732214
[2025-11-04 18:47:58.942] [APP] [info] Camara position: -1.6514927, 2.6832643, -1.6426787
[2025-11-04 18:47:58.958] [APP] [info] Camara position: -1.7104743, 2.7677937, -1.7081844
[2025-11-04 18:47:58.975] [APP] [info] Camara position: -1.7774726, 2.8638124, -1.7825936
[2025-11-04 18:47:58.991] [APP] [info] Camara position: -1.8375955, 2.9439645, -1.8507897
[2025-11-04 18:47:59.008] [APP] [info] Camara position: -1.9058805, 3.0349977, -1.9282438
[2025-11-04 18:47:59.025] [APP] [info] Camara position: -1.9685693, 3.1135232, -2.0008695
[2025-11-04 18:47:59.041] [APP] [info] Camara position: -2.0349796, 3.194078, -2.0778067
[2025-11-04 18:47:59.058] [APP] [info] Camara position: -2.1022143, 3.2718074, -2.1565285
[2025-11-04 18:47:59.075] [APP] [info] Camara position: -2.1729958, 3.348405, -2.239403
[2025-11-04 18:47:59.092] [APP] [info] Camara position: -2.2450533, 3.4180048, -2.3237712
[2025-11-04 18:47:59.109] [APP] [info] Camara position: -2.2450533, 3.4180048, -2.3237712
[2025-11-04 18:47:59.125] [APP] [info] Camara position: -2.2450533, 3.4180048, -2.3237712
[2025-11-04 18:47:59.142] [APP] [info] Camara position: -2.2450533, 3.4180048, -2.3237712
[2025-11-04 18:47:59.159] [APP] [info] Camara position: -2.2450533, 3.4180048, -2.3237712
[2025-11-04 18:47:59.175] [APP] [info] Camara position: -2.2450533, 3.4180048, -2.3237712
[2025-11-04 18:47:59.192] [APP] [info] Camara position: -2.160213, 3.4282234, -2.225483
[2025-11-04 18:47:59.208] [APP] [info] Camara position: -2.078096, 3.445335, -2.1313505
[2025-11-04 18:47:59.225] [APP] [info] Camara position: -1.9954652, 3.4734318, -2.0366292
[2025-11-04 18:47:59.242] [APP] [info] Camara position: -1.9134351, 3.50707, -1.9415965
[2025-11-04 18:47:59.258] [APP] [info] Camara position: -1.834378, 3.5438225, -1.8490325
[2025-11-04 18:47:59.275] [APP] [info] Camara position: -1.7532136, 3.5837069, -1.7540013
[2025-11-04 18:47:59.291] [APP] [info] Camara position: -1.6746763, 3.624404, -1.662046
[2025-11-04 18:47:59.308] [APP] [info] Camara position: -1.5763826, 3.6771095, -1.5469589
[2025-11-04 18:47:59.324] [APP] [info] Camara position: -1.4992429, 3.7184722, -1.4566399
[2025-11-04 18:47:59.341] [APP] [info] Camara position: -1.4198132, 3.7610629, -1.3636396
[2025-11-04 18:47:59.358] [APP] [info] Camara position: -1.339505, 3.8041244, -1.2696108
[2025-11-04 18:47:59.374] [APP] [info] Camara position: -1.2597909, 3.8468673, -1.1762776
[2025-11-04 18:47:59.391] [APP] [info] Camara position: -1.1789336, 3.8902233, -1.0816059
[2025-11-04 18:47:59.408] [APP] [info] Camara position: -1.0978935, 3.9336774, -0.98672
[2025-11-04 18:47:59.424] [APP] [info] Camara position: -1.0173694, 3.9768548, -0.8924384
[2025-11-04 18:47:59.441] [APP] [info] Camara position: -0.9367185, 4.0201, -0.7980084
[2025-11-04 18:47:59.458] [APP] [info] Camara position: -0.8572903, 4.06269, -0.7050099
[2025-11-04 18:47:59.474] [APP] [info] Camara position: -0.7757323, 4.1064215, -0.6095177
[2025-11-04 18:47:59.493] [APP] [info] Camara position: -0.6854209, 4.1548467, -0.50377667
[2025-11-04 18:47:59.509] [APP] [info] Camara position: -0.6065894, 4.1971164, -0.41147688
[2025-11-04 18:47:59.526] [APP] [info] Camara position: -0.5261643, 4.2402406, -0.31731123
[2025-11-04 18:47:59.543] [APP] [info] Camara position: -0.44631398, 4.2830567, -0.22381853
[2025-11-04 18:47:59.559] [APP] [info] Camara position: -0.36635202, 4.3259325, -0.13019511
[2025-11-04 18:47:59.576] [APP] [info] Camara position: -0.28561074, 4.3692265, -0.035659224
[2025-11-04 18:47:59.593] [APP] [info] Camara position: -0.20490468, 4.4125013, 0.058835432
[2025-11-04 18:47:59.609] [APP] [info] Camara position: -0.124242485, 4.455753, 0.15327872
[2025-11-04 18:47:59.626] [APP] [info] Camara position: -0.043298475, 4.4991555, 0.24805197
[2025-11-04 18:47:59.643] [APP] [info] Camara position: 0.036540896, 4.5419655, 0.34153187
[2025-11-04 18:47:59.659] [APP] [info] Camara position: 0.11790887, 4.585595, 0.43680152
[2025-11-04 18:47:59.676] [APP] [info] Camara position: 0.19857639, 4.6288495, 0.5312511
[2025-11-04 18:47:59.693] [APP] [info] Camara position: 0.2787791, 4.6718545, 0.62515634
[2025-11-04 18:47:59.709] [APP] [info] Camara position: 0.3599599, 4.715384, 0.72020686
[2025-11-04 18:47:59.726] [APP] [info] Camara position: 0.4405007, 4.75857, 0.814508
[2025-11-04 18:47:59.743] [APP] [info] Camara position: 0.5204451, 4.801437, 0.90811086
[2025-11-04 18:47:59.759] [APP] [info] Camara position: 0.60098416, 4.844622, 1.0024099
[2025-11-04 18:47:59.776] [APP] [info] Camara position: 0.68322784, 4.8887215, 1.0987049
[2025-11-04 18:47:59.793] [APP] [info] Camara position: 0.7661264, 4.9299436, 1.1947439
[2025-11-04 18:47:59.811] [APP] [info] Camara position: 0.9027373, 4.956451, 1.2029198
[2025-11-04 18:47:59.828] [APP] [info] Camara position: 1.0319434, 4.9738307, 1.2173853
[2025-11-04 18:47:59.844] [APP] [info] Camara position: 1.1491121, 4.9711323, 1.2494079
[2025-11-04 18:47:59.861] [APP] [info] Camara position: 1.2743659, 4.9711323, 1.2035716
[2025-11-04 18:47:59.877] [APP] [info] Camara position: 1.3909769, 4.9711323, 1.160898
[2025-11-04 18:47:59.894] [APP] [info] Camara position: 1.5192457, 4.9711323, 1.1723456
[2025-11-04 18:47:59.911] [APP] [info] Camara position: 1.6404188, 4.9711323, 1.2152553
[2025-11-04 18:47:59.927] [APP] [info] Camara position: 1.7459055, 4.9711323, 1.2893926
[2025-11-04 18:47:59.944] [APP] [info] Camara position: 1.8264596, 4.9711323, 1.3899406
[2025-11-04 18:47:59.961] [APP] [info] Camara position: 1.8683733, 5.060554, 1.4691088
[2025-11-04 18:47:59.977] [APP] [info] Camara position: 1.9025664, 5.1484, 1.5500559
[2025-11-04 18:47:59.993] [APP] [info] Camara position: 1.9276633, 5.2332454, 1.6311318
[2025-11-04 18:48:00.010] [APP] [info] Camara position: 1.9538532, 5.321786, 1.7157384
[2025-11-04 18:48:00.026] [APP] [info] Camara position: 1.9794859, 5.4084253, 1.7985458
[2025-11-04 18:48:00.043] [APP] [info] Camara position: 1.9822786, 5.536384, 1.7977504
[2025-11-04 18:48:00.060] [APP] [info] Camara position: 1.9848862, 5.655687, 1.7970223
[2025-11-04 18:48:00.076] [APP] [info] Camara position: 1.9882618, 5.780976, 1.7960988
[2025-11-04 18:48:00.093] [APP] [info] Camara position: 1.9928606, 5.9049077, 1.7948666
[2025-11-04 18:48:00.109] [APP] [info] Camara position: 1.9974213, 6.0276427, 1.79367
[2025-11-04 18:48:00.126] [APP] [info] Camara position: 2.0020182, 6.151354, 1.792464
[2025-11-04 18:48:00.143] [APP] [info] Camara position: 2.0065777, 6.274058, 1.7912679
[2025-11-04 18:48:00.159] [APP] [info] Camara position: 2.0114253, 6.4045153, 1.7899961
[2025-11-04 18:48:00.176] [APP] [info] Camara position: 2.0163245, 6.5363636, 1.7887108
[2025-11-04 18:48:00.193] [APP] [info] Camara position: 2.0212035, 6.6676645, 1.7874309
[2025-11-04 18:48:00.209] [APP] [info] Camara position: 2.0260947, 6.7992926, 1.7861477
[2025-11-04 18:48:00.226] [APP] [info] Camara position: 2.0260947, 6.7992926, 1.7861477
[2025-11-04 18:48:00.243] [APP] [info] Camara position: 2.0260947, 6.7992926, 1.7861477
[2025-11-04 18:48:00.260] [APP] [info] Camara position: 2.0260947, 6.7992926, 1.7861477
[2025-11-04 18:48:00.276] [APP] [info] Camara position: 2.0260947, 6.7992926, 1.7861477
[2025-11-04 18:48:00.293] [APP] [info] Camara position: 2.0260947, 6.7992926, 1.7861477
[2025-11-04 18:48:00.309] [APP] [info] Camara position: 2.0260947, 6.7992926, 1.7861477
[2025-11-04 18:48:00.326] [APP] [info] Camara position: 2.0260947, 6.7992926, 1.7861477
[2025-11-04 18:48:00.343] [APP] [info] Camara position: 2.0260947, 6.7992926, 1.7861477
[2025-11-04 18:48:00.359] [APP] [info] Camara position: 2.0260947, 6.7992926, 1.7861477
[2025-11-04 18:48:00.376] [APP] [info] Camara position: 2.0260947, 6.7992926, 1.7861477
